[Thread-0] INFO org.eclipse.jetty.util.log - Logging initialized @255ms
[Thread-0] INFO spark.webserver.JettySparkServer - == Spark has ignited ...
[Thread-0] INFO spark.webserver.JettySparkServer - >> Listening on 0.0.0.0:8090
[Thread-0] INFO org.eclipse.jetty.server.Server - jetty-9.3.z-SNAPSHOT
[Thread-0] INFO org.eclipse.jetty.server.ServerConnector - Started ServerConnector@4e30ec3f{HTTP/1.1,[http/1.1]}{0.0.0.0:8090}
[Thread-0] INFO org.eclipse.jetty.server.Server - Started @460ms
/favicon.ico - Not / - Redirecting to /favicon.ico
UserID: null
Session ID: 1twaiffrzxntrt4g89hh7qds2
..
/index.html - Not / - Redirecting to /index.html
UserID: 1
Session ID: 1twaiffrzxntrt4g89hh7qds2
/img/profile.png - Not / - Redirecting to /img/profile.png
UserID: 1
Session ID: 1twaiffrzxntrt4g89hh7qds2
/get-timeline - Not / - Redirecting to /get-timeline
UserID: 1
Session ID: 1twaiffrzxntrt4g89hh7qds2
/favicon.ico - Not / - Redirecting to /favicon.ico
UserID: 1
Session ID: 1twaiffrzxntrt4g89hh7qds2
..
/index.html - Not / - Redirecting to /index.html
UserID: 1
Session ID: 1twaiffrzxntrt4g89hh7qds2
/img/profile.png - Not / - Redirecting to /img/profile.png
UserID: 1
Session ID: 1twaiffrzxntrt4g89hh7qds2
/get-timeline - Not / - Redirecting to /get-timeline
UserID: 1
Session ID: 1twaiffrzxntrt4g89hh7qds2
..
/index.html - Not / - Redirecting to /index.html
UserID: 1
Session ID: 1twaiffrzxntrt4g89hh7qds2
/img/profile.png - Not / - Redirecting to /img/profile.png
UserID: 1
Session ID: 1twaiffrzxntrt4g89hh7qds2
/get-timeline - Not / - Redirecting to /get-timeline
UserID: 1
Session ID: 1twaiffrzxntrt4g89hh7qds2
